#
# There is insufficient memory for the Java Runtime Environment to continue.
# Native memory allocation (malloc) failed to allocate 555376 bytes for Chunk::new
# Possible reasons:
#   The system is out of physical RAM or swap space
#   The process is running with CompressedOops enabled, and the Java Heap may be blocking the growth of the native heap
# Possible solutions:
#   Reduce memory load on the system
#   Increase physical memory or swap space
#   Check if swap backing store is full
#   Decrease Java heap size (-Xmx/-Xms)
#   Decrease number of Java threads
#   Decrease Java thread stack sizes (-Xss)
#   Set larger code cache with -XX:ReservedCodeCacheSize=
#   JVM is running with Unscaled Compressed Oops mode in which the Java heap is
#     placed in the first 4GB address space. The Java Heap base address is the
#     maximum limit for the native heap growth. Please use -XX:HeapBaseMinAddress
#     to set the Java Heap base and to place the Java Heap above 4GB virtual address.
# This output file may be truncated or incomplete.
#
#  Out of Memory Error (allocation.cpp:389), pid=11632, tid=0x0000000000000aec
#
# JRE version: OpenJDK Runtime Environment (8.0_212-b04) (build 1.8.0_212-release-1586-b04)
# Java VM: OpenJDK 64-Bit Server VM (25.212-b04 mixed mode windows-amd64 compressed oops)
# Failed to write core dump. Minidumps are not enabled by default on client versions of Windows
#

---------------  T H R E A D  ---------------

Current thread (0x00000000180bf800):  JavaThread "C2 CompilerThread1" daemon [_thread_in_native, id=2796, stack(0x0000000019820000,0x0000000019920000)]

Stack: [0x0000000019820000,0x0000000019920000]
[error occurred during error reporting (printing stack bounds), id 0xc0000005]

Native frames: (J=compiled Java code, j=interpreted, Vv=VM code, C=native code)


Current CompileTask:
C2:   4544 2289       4       org.codehaus.groovy.runtime.metaclass.MetaMethodIndex::addMethodToList (298 bytes)


---------------  P R O C E S S  ---------------

Java Threads: ( => current thread )
  0x000000001afe0800 JavaThread "Cache worker for file hash cache (C:\S4\Sistem Basis Data\RoomMVVM\.gradle\5.6.4\fileHashes)" [_thread_blocked, id=10260, stack(0x00000000202d0000,0x00000000203d0000)]
  0x000000001afe3000 JavaThread "Cache worker for journal cache (C:\Users\sania\.gradle\caches\journal-1)" [_thread_blocked, id=7496, stack(0x000000001da40000,0x000000001db40000)]
  0x000000001afe2000 JavaThread "File lock request listener" [_thread_in_native, id=8472, stack(0x000000001d940000,0x000000001da40000)]
  0x000000001afdf800 JavaThread "Cache worker for file hash cache (C:\Users\sania\.gradle\caches\5.6.4\fileHashes)" [_thread_blocked, id=3484, stack(0x000000001d840000,0x000000001d940000)]
  0x000000001b756800 JavaThread "Thread-9" [_thread_blocked, id=10148, stack(0x000000001d740000,0x000000001d840000)]
  0x000000001b72c000 JavaThread "Stdin handler" [_thread_blocked, id=7368, stack(0x000000001d640000,0x000000001d740000)]
  0x000000001b725800 JavaThread "Asynchronous log dispatcher for DefaultDaemonConnection: socket connection from /127.0.0.1:51294 to /127.0.0.1:51295" [_thread_blocked, id=13140, stack(0x000000001d540000,0x000000001d640000)]
  0x000000001b729800 JavaThread "Daemon worker" [_thread_in_vm, id=9156, stack(0x000000001d440000,0x000000001d540000)]
  0x000000001b727800 JavaThread "Cancel handler" [_thread_blocked, id=14028, stack(0x000000001d240000,0x000000001d340000)]
  0x000000001b6d7000 JavaThread "Handler for socket connection from /127.0.0.1:51294 to /127.0.0.1:51295" [_thread_in_native, id=828, stack(0x000000001cf40000,0x000000001d040000)]
  0x000000001b6d0000 JavaThread "Daemon" [_thread_blocked, id=1524, stack(0x000000001ce40000,0x000000001cf40000)]
  0x000000001b6b7000 JavaThread "Daemon periodic checks" [_thread_blocked, id=4616, stack(0x000000001cd40000,0x000000001ce40000)]
  0x000000001b667800 JavaThread "Incoming local TCP Connector on port 51294" [_thread_in_native, id=2720, stack(0x000000001cb00000,0x000000001cc00000)]
  0x0000000019da8000 JavaThread "Daemon health stats" [_thread_blocked, id=8608, stack(0x000000001c4c0000,0x000000001c5c0000)]
  0x0000000018127000 JavaThread "Service Thread" daemon [_thread_blocked, id=10732, stack(0x0000000019b20000,0x0000000019c20000)]
  0x00000000180d8800 JavaThread "C1 CompilerThread3" daemon [_thread_blocked, id=13648, stack(0x0000000019a20000,0x0000000019b20000)]
  0x00000000180d0000 JavaThread "C2 CompilerThread2" daemon [_thread_in_native, id=10576, stack(0x0000000019920000,0x0000000019a20000)]
=>0x00000000180bf800 JavaThread "C2 CompilerThread1" daemon [_thread_in_native, id=2796, stack(0x0000000019820000,0x0000000019920000)]
  0x00000000180c7000 JavaThread "C2 CompilerThread0" daemon [_thread_in_native, id=9412, stack(0x0000000019720000,0x0000000019820000)]
  0x00000000180c5800 JavaThread "Attach Listener" daemon [_thread_blocked, id=3184, stack(0x0000000019620000,0x0000000019720000)]
  0x00000000180c4800 JavaThread "Signal Dispatcher" daemon [_thread_blocked, id=1228, stack(0x0000000019520000,0x0000000019620000)]
  0x00000000169c1800 JavaThread "Finalizer" daemon [_thread_blocked, id=13364, stack(0x0000000019320000,0x0000000019420000)]
  0x00000000180b3000 JavaThread "Reference Handler" daemon [_thread_blocked, id=552, stack(0x0000000019220000,0x0000000019320000)]
  0x00000000027ee000 JavaThread "main" [_thread_blocked, id=11356, stack(0x0000000002800000,0x0000000002900000)]

Other Threads:
  0x00000000169b5800 VMThread [stack: 0x0000000019120000,0x0000000019220000] [id=14644]
  0x0000000018128000 WatcherThread [stack: 0x0000000019c20000,0x0000000019d20000] [id=1860]

VM state:not at safepoint (normal execution)

VM Mutex/Monitor currently owned by a thread: None

heap address: 0x00000000a0000000, size: 1536 MB, Compressed Oops mode: 32-bit
Narrow klass base: 0x0000000000000000, Narrow klass shift: 3
Compressed class space size: 1073741824 Address: 0x0000000100000000

Heap:
 PSYoungGen      total 76288K, used 14483K [0x00000000e0000000, 0x00000000e5600000, 0x0000000100000000)
  eden space 65024K, 9% used [0x00000000e0000000,0x00000000e0636c68,0x00000000e3f80000)
  from space 11264K, 72% used [0x00000000e3f80000,0x00000000e476e2a8,0x00000000e4a80000)
  to   space 10752K, 0% used [0x00000000e4a80000,0x00000000e4a80000,0x00000000e5500000)
 ParOldGen       total 61440K, used 9662K [0x00000000a0000000, 0x00000000a3c00000, 0x00000000e0000000)
  object space 61440K, 15% used [0x00000000a0000000,0x00000000a096fa60,0x00000000a3c00000)
 Metaspace       used 29352K, capacity 29864K, committed 30080K, reserved 1075200K
  class space    used 3945K, capacity 4103K, committed 4224K, reserved 1048576K

Card table byte_map: [0x0000000011dc0000,0x00000000120d0000] byte_map_base: 0x00000000118c0000

Marking Bits: (ParMarkBitMap*) 0x00000000687f9f30
 Begin Bits: [0x0000000012cd0000, 0x00000000144d0000)
 End Bits:   [0x00000000144d0000, 0x0000000015cd0000)

Polling page: 0x0000000000980000

CodeCache: size=245760Kb used=8781Kb max_used=8781Kb free=236978Kb
 bounds [0x0000000002a00000, 0x00000000032a0000, 0x0000000011a00000]
 total_blobs=2969 nmethods=2291 adapters=591
 compilation: enabled

Compilation events (10 events):
Event: 4.492 Thread 0x00000000180d8800 2290       3       java.util.Arrays::asList (9 bytes)
Event: 4.493 Thread 0x00000000180d8800 nmethod 2290 0x0000000003293890 code [0x0000000003293a20, 0x0000000003293e88]
Event: 4.493 Thread 0x00000000180d8800 2291       3       java.util.Arrays$ArrayList::<init> (16 bytes)
Event: 4.493 Thread 0x00000000180d8800 nmethod 2291 0x0000000003294110 code [0x00000000032942a0, 0x0000000003294688]
Event: 4.493 Thread 0x00000000180d8800 2293       3       groovy.lang.MetaClassImpl::establishStaticMetaProperty (262 bytes)
Event: 4.495 Thread 0x00000000180d8800 nmethod 2293 0x0000000003294850 code [0x0000000003294ac0, 0x0000000003295e78]
Event: 4.513 Thread 0x00000000180d8800 2294       3       java.util.concurrent.locks.AbstractQueuedSynchronizer$ConditionObject::addConditionWaiter (64 bytes)
Event: 4.514 Thread 0x00000000180d8800 nmethod 2294 0x0000000003296650 code [0x00000000032967e0, 0x0000000003296c08]
Event: 4.514 Thread 0x00000000180d8800 2295       3       java.util.concurrent.locks.AbstractQueuedSynchronizer$Node::<init> (15 bytes)
Event: 4.514 Thread 0x00000000180d8800 nmethod 2295 0x0000000003296d90 code [0x0000000003296ee0, 0x00000000032970b0]

GC Heap History (10 events):
Event: 2.357 GC heap before
{Heap before GC invocations=4 (full 0):
 PSYoungGen      total 37888K, used 37888K [0x00000000e0000000, 0x00000000e2a00000, 0x0000000100000000)
  eden space 32768K, 100% used [0x00000000e0000000,0x00000000e2000000,0x00000000e2000000)
  from space 5120K, 100% used [0x00000000e2000000,0x00000000e2500000,0x00000000e2500000)
  to   space 5120K, 0% used [0x00000000e2500000,0x00000000e2500000,0x00000000e2a00000)
 ParOldGen       total 86016K, used 1457K [0x00000000a0000000, 0x00000000a5400000, 0x00000000e0000000)
  object space 86016K, 1% used [0x00000000a0000000,0x00000000a016c4e0,0x00000000a5400000)
 Metaspace       used 14585K, capacity 14976K, committed 15232K, reserved 1062912K
  class space    used 2043K, capacity 2160K, committed 2176K, reserved 1048576K
Event: 2.363 GC heap after
Heap after GC invocations=4 (full 0):
 PSYoungGen      total 37888K, used 5088K [0x00000000e0000000, 0x00000000e4a00000, 0x0000000100000000)
  eden space 32768K, 0% used [0x00000000e0000000,0x00000000e0000000,0x00000000e2000000)
  from space 5120K, 99% used [0x00000000e2500000,0x00000000e29f8040,0x00000000e2a00000)
  to   space 5120K, 0% used [0x00000000e2000000,0x00000000e2000000,0x00000000e2500000)
 ParOldGen       total 86016K, used 3951K [0x00000000a0000000, 0x00000000a5400000, 0x00000000e0000000)
  object space 86016K, 4% used [0x00000000a0000000,0x00000000a03dbdf0,0x00000000a5400000)
 Metaspace       used 14585K, capacity 14976K, committed 15232K, reserved 1062912K
  class space    used 2043K, capacity 2160K, committed 2176K, reserved 1048576K
}
Event: 2.897 GC heap before
{Heap before GC invocations=5 (full 0):
 PSYoungGen      total 37888K, used 37856K [0x00000000e0000000, 0x00000000e4a00000, 0x0000000100000000)
  eden space 32768K, 100% used [0x00000000e0000000,0x00000000e2000000,0x00000000e2000000)
  from space 5120K, 99% used [0x00000000e2500000,0x00000000e29f8040,0x00000000e2a00000)
  to   space 5120K, 0% used [0x00000000e2000000,0x00000000e2000000,0x00000000e2500000)
 ParOldGen       total 86016K, used 3951K [0x00000000a0000000, 0x00000000a5400000, 0x00000000e0000000)
  object space 86016K, 4% used [0x00000000a0000000,0x00000000a03dbdf0,0x00000000a5400000)
 Metaspace       used 17640K, capacity 18026K, committed 18432K, reserved 1064960K
  class space    used 2533K, capacity 2691K, committed 2816K, reserved 1048576K
Event: 2.914 GC heap after
Heap after GC invocations=5 (full 0):
 PSYoungGen      total 37888K, used 5104K [0x00000000e0000000, 0x00000000e5500000, 0x0000000100000000)
  eden space 32768K, 0% used [0x00000000e0000000,0x00000000e0000000,0x00000000e2000000)
  from space 5120K, 99% used [0x00000000e2000000,0x00000000e24fc030,0x00000000e2500000)
  to   space 10752K, 0% used [0x00000000e4a80000,0x00000000e4a80000,0x00000000e5500000)
 ParOldGen       total 86016K, used 7614K [0x00000000a0000000, 0x00000000a5400000, 0x00000000e0000000)
  object space 86016K, 8% used [0x00000000a0000000,0x00000000a076f9c0,0x00000000a5400000)
 Metaspace       used 17640K, capacity 18026K, committed 18432K, reserved 1064960K
  class space    used 2533K, capacity 2691K, committed 2816K, reserved 1048576K
}
Event: 3.462 GC heap before
{Heap before GC invocations=6 (full 0):
 PSYoungGen      total 37888K, used 34361K [0x00000000e0000000, 0x00000000e5500000, 0x0000000100000000)
  eden space 32768K, 89% used [0x00000000e0000000,0x00000000e1c92418,0x00000000e2000000)
  from space 5120K, 99% used [0x00000000e2000000,0x00000000e24fc030,0x00000000e2500000)
  to   space 10752K, 0% used [0x00000000e4a80000,0x00000000e4a80000,0x00000000e5500000)
 ParOldGen       total 86016K, used 7614K [0x00000000a0000000, 0x00000000a5400000, 0x00000000e0000000)
  object space 86016K, 8% used [0x00000000a0000000,0x00000000a076f9c0,0x00000000a5400000)
 Metaspace       used 20663K, capacity 21198K, committed 21296K, reserved 1067008K
  class space    used 2984K, capacity 3161K, committed 3200K, reserved 1048576K
Event: 3.471 GC heap after
Heap after GC invocations=6 (full 0):
 PSYoungGen      total 75776K, used 9039K [0x00000000e0000000, 0x00000000e5600000, 0x0000000100000000)
  eden space 65024K, 0% used [0x00000000e0000000,0x00000000e0000000,0x00000000e3f80000)
  from space 10752K, 84% used [0x00000000e4a80000,0x00000000e5353fd8,0x00000000e5500000)
  to   space 11264K, 0% used [0x00000000e3f80000,0x00000000e3f80000,0x00000000e4a80000)
 ParOldGen       total 86016K, used 7622K [0x00000000a0000000, 0x00000000a5400000, 0x00000000e0000000)
  object space 86016K, 8% used [0x00000000a0000000,0x00000000a07719c0,0x00000000a5400000)
 Metaspace       used 20663K, capacity 21198K, committed 21296K, reserved 1067008K
  class space    used 2984K, capacity 3161K, committed 3200K, reserved 1048576K
}
Event: 3.471 GC heap before
{Heap before GC invocations=7 (full 1):
 PSYoungGen      total 75776K, used 9039K [0x00000000e0000000, 0x00000000e5600000, 0x0000000100000000)
  eden space 65024K, 0% used [0x00000000e0000000,0x00000000e0000000,0x00000000e3f80000)
  from space 10752K, 84% used [0x00000000e4a80000,0x00000000e5353fd8,0x00000000e5500000)
  to   space 11264K, 0% used [0x00000000e3f80000,0x00000000e3f80000,0x00000000e4a80000)
 ParOldGen       total 86016K, used 7622K [0x00000000a0000000, 0x00000000a5400000, 0x00000000e0000000)
  object space 86016K, 8% used [0x00000000a0000000,0x00000000a07719c0,0x00000000a5400000)
 Metaspace       used 20663K, capacity 21198K, committed 21296K, reserved 1067008K
  class space    used 2984K, capacity 3161K, committed 3200K, reserved 1048576K
Event: 3.515 GC heap after
Heap after GC invocations=7 (full 1):
 PSYoungGen      total 75776K, used 0K [0x00000000e0000000, 0x00000000e5600000, 0x0000000100000000)
  eden space 65024K, 0% used [0x00000000e0000000,0x00000000e0000000,0x00000000e3f80000)
  from space 10752K, 0% used [0x00000000e4a80000,0x00000000e4a80000,0x00000000e5500000)
  to   space 11264K, 0% used [0x00000000e3f80000,0x00000000e3f80000,0x00000000e4a80000)
 ParOldGen       total 61440K, used 9654K [0x00000000a0000000, 0x00000000a3c00000, 0x00000000e0000000)
  object space 61440K, 15% used [0x00000000a0000000,0x00000000a096da60,0x00000000a3c00000)
 Metaspace       used 20663K, capacity 21198K, committed 21296K, reserved 1067008K
  class space    used 2984K, capacity 3161K, committed 3200K, reserved 1048576K
}
Event: 4.449 GC heap before
{Heap before GC invocations=8 (full 1):
 PSYoungGen      total 75776K, used 65024K [0x00000000e0000000, 0x00000000e5600000, 0x0000000100000000)
  eden space 65024K, 100% used [0x00000000e0000000,0x00000000e3f80000,0x00000000e3f80000)
  from space 10752K, 0% used [0x00000000e4a80000,0x00000000e4a80000,0x00000000e5500000)
  to   space 11264K, 0% used [0x00000000e3f80000,0x00000000e3f80000,0x00000000e4a80000)
 ParOldGen       total 61440K, used 9654K [0x00000000a0000000, 0x00000000a3c00000, 0x00000000e0000000)
  object space 61440K, 15% used [0x00000000a0000000,0x00000000a096da60,0x00000000a3c00000)
 Metaspace       used 29006K, capacity 29484K, committed 29696K, reserved 1075200K
  class space    used 3908K, capacity 4063K, committed 4096K, reserved 1048576K
Event: 4.459 GC heap after
Heap after GC invocations=8 (full 1):
 PSYoungGen      total 76288K, used 8120K [0x00000000e0000000, 0x00000000e5600000, 0x0000000100000000)
  eden space 65024K, 0% used [0x00000000e0000000,0x00000000e0000000,0x00000000e3f80000)
  from space 11264K, 72% used [0x00000000e3f80000,0x00000000e476e2a8,0x00000000e4a80000)
  to   space 10752K, 0% used [0x00000000e4a80000,0x00000000e4a80000,0x00000000e5500000)
 ParOldGen       total 61440K, used 9662K [0x00000000a0000000, 0x00000000a3c00000, 0x00000000e0000000)
  object space 61440K, 15% used [0x00000000a0000000,0x00000000a096fa60,0x00000000a3c00000)
 Metaspace       used 29006K, capacity 29484K, committed 29696K, reserved 1075200K
  class space    used 3908K, capacity 4063K, committed 4096K, reserved 1048576K
}

Deoptimization events (10 events):
Event: 3.909 Thread 0x000000001b729800 Uncommon trap: reason=class_check action=maybe_recompile pc=0x000000000303cb34 method=sun.misc.URLClassPath.getLoader(I)Lsun/misc/URLClassPath$Loader; @ 239
Event: 4.121 Thread 0x000000001b729800 Uncommon trap: reason=unstable_if action=reinterpret pc=0x0000000002eae5e0 method=java.util.HashMap.hash(Ljava/lang/Object;)I @ 1
Event: 4.131 Thread 0x000000001b729800 Uncommon trap: reason=unstable_if action=reinterpret pc=0x0000000002c66a68 method=java.util.HashMap.hash(Ljava/lang/Object;)I @ 1
Event: 4.193 Thread 0x000000001b729800 Uncommon trap: reason=unstable_if action=reinterpret pc=0x0000000002c8c8b8 method=java.util.HashMap.getNode(ILjava/lang/Object;)Ljava/util/HashMap$Node; @ 53
Event: 4.193 Thread 0x000000001b729800 Uncommon trap: reason=unstable_if action=reinterpret pc=0x0000000002c652b0 method=java.util.HashMap.hash(Ljava/lang/Object;)I @ 1
Event: 4.193 Thread 0x000000001b729800 Uncommon trap: reason=unstable_if action=reinterpret pc=0x00000000030a1c40 method=java.util.HashMap.putVal(ILjava/lang/Object;Ljava/lang/Object;ZZ)Ljava/lang/Object; @ 85
Event: 4.239 Thread 0x000000001b729800 Uncommon trap: reason=unstable_if action=reinterpret pc=0x0000000002ccdb30 method=java.util.LinkedHashMap.afterNodeInsertion(Z)V @ 1
Event: 4.460 Thread 0x00000000180b3000 Uncommon trap: reason=unstable_if action=reinterpret pc=0x0000000002f0027c method=java.lang.ref.Reference.tryHandlePending(Z)Z @ 104
Event: 4.464 Thread 0x000000001b729800 Uncommon trap: reason=class_check action=maybe_recompile pc=0x000000000303c928 method=sun.misc.URLClassPath.getLoader(I)Lsun/misc/URLClassPath$Loader; @ 94
Event: 4.471 Thread 0x000000001b729800 Uncommon trap: reason=class_check action=maybe_recompile pc=0x0000000003045120 method=sun.misc.URLClassPath.getLoader(I)Lsun/misc/URLClassPath$Loader; @ 239

Classes redefined (0 events):
No events

Internal exceptions (10 events):
Event: 4.131 Thread 0x000000001b729800 Implicit null exception at 0x0000000002c669ef to 0x0000000002c66a59
Event: 4.193 Thread 0x000000001b729800 Implicit null exception at 0x0000000002c65218 to 0x0000000002c652a6
Event: 4.472 Thread 0x000000001b729800 Exception <a 'java/lang/ClassNotFoundException': build_5o05zhvhbc8lje1z6upk21netBeanInfo> (0x00000000e007dcb8) thrown at [D:\src\AOSP-openjdk-cygwin\jdk8u\hotspot\src\share\vm\classfile\systemDictionary.cpp, line 210]
Event: 4.472 Thread 0x000000001b729800 Exception <a 'java/lang/ClassNotFoundException': org/gradle/api/internal/project/ProjectScriptBeanInfo> (0x00000000e0096650) thrown at [D:\src\AOSP-openjdk-cygwin\jdk8u\hotspot\src\share\vm\classfile\systemDictionary.cpp, line 210]
Event: 4.473 Thread 0x000000001b729800 Exception <a 'java/lang/ClassNotFoundException': org/gradle/api/internal/project/ProjectScriptCustomizer> (0x00000000e00af550) thrown at [D:\src\AOSP-openjdk-cygwin\jdk8u\hotspot\src\share\vm\classfile\systemDictionary.cpp, line 210]
Event: 4.474 Thread 0x000000001b729800 Exception <a 'java/lang/ClassNotFoundException': build_5o05zhvhbc8lje1z6upk21netCustomizer> (0x00000000e00d1118) thrown at [D:\src\AOSP-openjdk-cygwin\jdk8u\hotspot\src\share\vm\classfile\systemDictionary.cpp, line 210]
Event: 4.484 Thread 0x000000001b729800 Exception <a 'java/lang/ClassNotFoundException': groovy/lang/Closure$1BeanInfo> (0x00000000e0289960) thrown at [D:\src\AOSP-openjdk-cygwin\jdk8u\hotspot\src\share\vm\classfile\systemDictionary.cpp, line 210]
Event: 4.485 Thread 0x000000001b729800 Exception <a 'java/lang/ClassNotFoundException': groovy/lang/ClosureBeanInfo> (0x00000000e02a93a0) thrown at [D:\src\AOSP-openjdk-cygwin\jdk8u\hotspot\src\share\vm\classfile\systemDictionary.cpp, line 210]
Event: 4.485 Thread 0x000000001b729800 Exception <a 'java/lang/ClassNotFoundException': groovy/lang/ClosureCustomizer> (0x00000000e02c9640) thrown at [D:\src\AOSP-openjdk-cygwin\jdk8u\hotspot\src\share\vm\classfile\systemDictionary.cpp, line 210]
Event: 4.488 Thread 0x000000001b729800 Exception <a 'java/lang/ClassNotFoundException': groovy/lang/Closure$1Customizer> (0x00000000e030f9f0) thrown at [D:\src\AOSP-openjdk-cygwin\jdk8u\hotspot\src\share\vm\classfile\systemDictionary.cpp, line 210]

Events (10 events):
Event: 4.536 loading class org/codehaus/groovy/runtime/callsite/CallSiteClassLoader
Event: 4.536 loading class org/codehaus/groovy/runtime/callsite/CallSiteClassLoader done
Event: 4.536 loading class org/codehaus/groovy/reflection/ClassLoaderForClassArtifacts
Event: 4.536 loading class org/codehaus/groovy/reflection/ClassLoaderForClassArtifacts done
Event: 4.539 loading class groovyjarjarasm/asm/Edge
Event: 4.539 loading class groovyjarjarasm/asm/Edge done
Event: 4.541 loading class org/codehaus/groovy/reflection/ClassLoaderForClassArtifacts$1
Event: 4.541 loading class org/codehaus/groovy/reflection/ClassLoaderForClassArtifacts$1 done
Event: 4.543 loading class org/gradle/util/ConfigureUtil$IncompleteInputException
Event: 4.543 loading class org/gradle/util/ConfigureUtil$IncompleteInputException done


Dynamic libraries:
0x00007ff79fe30000 - 0x00007ff79fe61000 	C:\Program Files\Android\Android Studio\jre\bin\java.exe
0x00007fff8e8a0000 - 0x00007fff8ea90000 	C:\Windows\SYSTEM32\ntdll.dll
0x00007fff8e570000 - 0x00007fff8e622000 	C:\Windows\System32\KERNEL32.DLL
0x00007fff8c500000 - 0x00007fff8c7a3000 	C:\Windows\System32\KERNELBASE.dll
0x00007fff8c9f0000 - 0x00007fff8ca93000 	C:\Windows\System32\ADVAPI32.dll
0x00007fff8c950000 - 0x00007fff8c9ee000 	C:\Windows\System32\msvcrt.dll
0x00007fff8cfd0000 - 0x00007fff8d067000 	C:\Windows\System32\sechost.dll
0x00007fff8d570000 - 0x00007fff8d690000 	C:\Windows\System32\RPCRT4.dll
0x00007fff8e6c0000 - 0x00007fff8e854000 	C:\Windows\System32\USER32.dll
0x00007fff8bbb0000 - 0x00007fff8bbd1000 	C:\Windows\System32\win32u.dll
0x00007fff8e630000 - 0x00007fff8e656000 	C:\Windows\System32\GDI32.dll
0x00007fff8c7b0000 - 0x00007fff8c944000 	C:\Windows\System32\gdi32full.dll
0x00007fff8bce0000 - 0x00007fff8bd7e000 	C:\Windows\System32\msvcp_win.dll
0x00007fff8bab0000 - 0x00007fff8bbaa000 	C:\Windows\System32\ucrtbase.dll
0x00007fff7f300000 - 0x00007fff7f585000 	C:\Windows\WinSxS\amd64_microsoft.windows.common-controls_6595b64144ccf1df_6.0.18362.720_none_e6beb5c51314836b\COMCTL32.dll
0x00007fff8d070000 - 0x00007fff8d3a6000 	C:\Windows\System32\combase.dll
0x00007fff8ba30000 - 0x00007fff8bab0000 	C:\Windows\System32\bcryptPrimitives.dll
0x00007fff8d950000 - 0x00007fff8d97e000 	C:\Windows\System32\IMM32.DLL
0x0000000065830000 - 0x0000000065902000 	C:\Program Files\Android\Android Studio\jre\jre\bin\msvcr100.dll
0x0000000068030000 - 0x0000000068876000 	C:\Program Files\Android\Android Studio\jre\jre\bin\server\jvm.dll
0x00007fff8cb50000 - 0x00007fff8cb58000 	C:\Windows\System32\PSAPI.DLL
0x00007fff87280000 - 0x00007fff8728a000 	C:\Windows\SYSTEM32\VERSION.dll
0x00007fff87f60000 - 0x00007fff87f84000 	C:\Windows\SYSTEM32\WINMM.dll
0x00007fff76560000 - 0x00007fff76569000 	C:\Windows\SYSTEM32\WSOCK32.dll
0x00007fff8d8e0000 - 0x00007fff8d94f000 	C:\Windows\System32\WS2_32.dll
0x00007fff87f30000 - 0x00007fff87f5d000 	C:\Windows\SYSTEM32\WINMMBASE.dll
0x00007fff8b9e0000 - 0x00007fff8ba2a000 	C:\Windows\System32\cfgmgr32.dll
0x00007fff7e600000 - 0x00007fff7e60f000 	C:\Program Files\Android\Android Studio\jre\jre\bin\verify.dll
0x00007fff79ac0000 - 0x00007fff79ae9000 	C:\Program Files\Android\Android Studio\jre\jre\bin\java.dll
0x00007fff75a00000 - 0x00007fff75a16000 	C:\Program Files\Android\Android Studio\jre\jre\bin\zip.dll
0x00007fff8db90000 - 0x00007fff8e275000 	C:\Windows\System32\SHELL32.dll
0x00007fff8caa0000 - 0x00007fff8cb49000 	C:\Windows\System32\shcore.dll
0x00007fff8bd80000 - 0x00007fff8c500000 	C:\Windows\System32\windows.storage.dll
0x00007fff8b800000 - 0x00007fff8b823000 	C:\Windows\System32\profapi.dll
0x00007fff8b790000 - 0x00007fff8b7da000 	C:\Windows\System32\powrprof.dll
0x00007fff8b760000 - 0x00007fff8b770000 	C:\Windows\System32\UMPDC.dll
0x00007fff8d4f0000 - 0x00007fff8d542000 	C:\Windows\System32\shlwapi.dll
0x00007fff8b7e0000 - 0x00007fff8b7f1000 	C:\Windows\System32\kernel.appcore.dll
0x00007fff8bcc0000 - 0x00007fff8bcd7000 	C:\Windows\System32\cryptsp.dll
0x00007fff6ab00000 - 0x00007fff6ab1a000 	C:\Program Files\Android\Android Studio\jre\jre\bin\net.dll
0x00007fff7d8d0000 - 0x00007fff7daa5000 	C:\Windows\SYSTEM32\urlmon.dll
0x00007fff7d380000 - 0x00007fff7d626000 	C:\Windows\SYSTEM32\iertutil.dll
0x00007fff8b1a0000 - 0x00007fff8b1ac000 	C:\Windows\SYSTEM32\CRYPTBASE.DLL
0x00007fff8afd0000 - 0x00007fff8b037000 	C:\Windows\system32\mswsock.dll
0x00007fff67ea0000 - 0x00007fff67eb3000 	C:\Program Files\Android\Android Studio\jre\jre\bin\nio.dll
0x00007fff67e70000 - 0x00007fff67e96000 	C:\Users\sania\.gradle\native\30\windows-amd64\native-platform.dll
0x00007fff7e390000 - 0x00007fff7e39d000 	C:\Program Files\Android\Android Studio\jre\jre\bin\management.dll
0x00007fff8ab40000 - 0x00007fff8ab73000 	C:\Windows\system32\rsaenh.dll
0x00007fff8bbe0000 - 0x00007fff8bc06000 	C:\Windows\System32\bcrypt.dll
0x00007fff8b650000 - 0x00007fff8b675000 	C:\Windows\SYSTEM32\USERENV.dll
0x00007fff8ace0000 - 0x00007fff8ad1a000 	C:\Windows\SYSTEM32\IPHLPAPI.DLL
0x00007fff8e430000 - 0x00007fff8e438000 	C:\Windows\System32\NSI.dll
0x00007fff86120000 - 0x00007fff86136000 	C:\Windows\SYSTEM32\dhcpcsvc6.DLL
0x00007fff86540000 - 0x00007fff8655c000 	C:\Windows\SYSTEM32\dhcpcsvc.DLL
0x00007fff8ad20000 - 0x00007fff8adea000 	C:\Windows\SYSTEM32\DNSAPI.dll

VM Arguments:
jvm_args: -Xmx1536m -Dfile.encoding=windows-1252 -Duser.country=ID -Duser.language=en -Duser.variant 
java_command: org.gradle.launcher.daemon.bootstrap.GradleDaemon 5.6.4
java_class_path (initial): C:\Users\sania\.gradle\wrapper\dists\gradle-5.6.4-all\ankdp27end7byghfw1q2sw75f\gradle-5.6.4\lib\gradle-launcher-5.6.4.jar
Launcher Type: SUN_STANDARD

Environment Variables:
PATH=C:\Program Files (x86)\Common Files\Intel\Shared Files\cpp\bin\Intel64;C:\Program Files (x86)\Common Files\Oracle\Java\javapath;C:\Windows\system32;C:\Windows;C:\Windows\System32\Wbem;C:\Windows\System32\WindowsPowerShell\v1.0\;C:\Windows\System32\OpenSSH\;C:\Program Files (x86)\NVIDIA Corporation\PhysX\Common;C:\Program Files\NVIDIA Corporation\NVIDIA NvDLISR;C:\Program Files\Intel\WiFi\bin\;C:\Program Files\Common Files\Intel\WirelessCommon\;C:\xampp\php;C:\ProgramData\ComposerSetup\bin;C:\Program Files\Git\cmd;C:\Users\sania\AppData\Local\Microsoft\WindowsApps;C:\Users\sania\AppData\Roaming\Composer\vendor\bin;C:\Users\sania\AppData\Local\Programs\Microsoft VS Code\bin;C:\Users\sania\AppData\Local\GitHubDesktop\bin
USERNAME=sania
OS=Windows_NT
PROCESSOR_IDENTIFIER=Intel64 Family 6 Model 158 Stepping 10, GenuineIntel



---------------  S Y S T E M  ---------------

OS: Windows 10.0 , 64 bit Build 18362 (10.0.18362.329)

CPU:total 12 (initial active 12) (6 cores per cpu, 2 threads per core) family 6 model 158 stepping 10, cmov, cx8, fxsr, mmx, sse, sse2, sse3, ssse3, sse4.1, sse4.2, popcnt, avx, avx2, aes, clmul, erms, 3dnowpref, lzcnt, ht, tsc, tscinvbit, bmi1, bmi2, adx

Memory: 4k page, physical 8230360k(144388k free), swap 33396184k(472k free)

vm_info: OpenJDK 64-Bit Server VM (25.212-b04) for windows-amd64 JRE (1.8.0_212-release-1586-b04), built by "builder" with MS VC++ 10.0 (VS2010)

time: Wed Apr 29 22:39:36 2020
timezone: SE Asia Standard Time
elapsed time: 4 seconds (0d 0h 0m 4s)

